#
# There is insufficient memory for the Java Runtime Environment to continue.
# Native memory allocation (mmap) failed to map 268435456 bytes for G1 virtual space
# Possible reasons:
#   The system is out of physical RAM or swap space
#   The process is running with CompressedOops enabled, and the Java Heap may be blocking the growth of the native heap
# Possible solutions:
#   Reduce memory load on the system
#   Increase physical memory or swap space
#   Check if swap backing store is full
#   Decrease Java heap size (-Xmx/-Xms)
#   Decrease number of Java threads
#   Decrease Java thread stack sizes (-Xss)
#   Set larger code cache with -XX:ReservedCodeCacheSize=
#   JVM is running with Zero Based Compressed Oops mode in which the Java heap is
#     placed in the first 32GB address space. The Java Heap base address is the
#     maximum limit for the native heap growth. Please use -XX:HeapBaseMinAddress
#     to set the Java Heap base and to place the Java Heap above 32GB virtual address.
# This output file may be truncated or incomplete.
#
#  Out of Memory Error (os_windows.cpp:3530), pid=14544, tid=11216
#
# JRE version:  (18.0.2.1+1) (build )
# Java VM: Java HotSpot(TM) 64-Bit Server VM (18.0.2.1+1-1, mixed mode, sharing, tiered, compressed oops, compressed class ptrs, g1 gc, windows-amd64)
# No core dump will be written. Minidumps are not enabled by default on client versions of Windows
#

---------------  S U M M A R Y ------------

Command Line: C:\Users\hersa\AppData\Local\Temp\surefire10583005096521768957\surefirebooter-20230809205519993_3.jar C:\Users\hersa\AppData\Local\Temp\surefire10583005096521768957 2023-08-09T20-55-19_868-jvmRun1 surefire-20230809205519993_1tmp surefire_0-20230809205519993_2tmp

Host: AMD Ryzen 7 5700X 8-Core Processor             , 16 cores, 15G,  Windows 10 , 64 bit Build 19041 (10.0.19041.3155)
Time: Wed Aug  9 20:55:20 2023 Hora estándar, América Central elapsed time: 0.007726 seconds (0d 0h 0m 0s)

---------------  T H R E A D  ---------------

Current thread (0x000001ccbd8a2200):  JavaThread "Unknown thread" [_thread_in_vm, id=11216, stack(0x0000002f7a300000,0x0000002f7a400000)]

Stack: [0x0000002f7a300000,0x0000002f7a400000]
Native frames: (J=compiled Java code, j=interpreted, Vv=VM code, C=native code)
V  [jvm.dll+0x6993aa]
V  [jvm.dll+0x7f46dd]
V  [jvm.dll+0x7f5fee]
V  [jvm.dll+0x7f66a3]
V  [jvm.dll+0x25cf1f]
V  [jvm.dll+0x6962f9]
V  [jvm.dll+0x68ae2a]
V  [jvm.dll+0x32255b]
V  [jvm.dll+0x329f36]
V  [jvm.dll+0x37eade]
V  [jvm.dll+0x37ed0f]
V  [jvm.dll+0x2fa2da]
V  [jvm.dll+0x2fb33d]
V  [jvm.dll+0x7c3310]
V  [jvm.dll+0x38be61]
V  [jvm.dll+0x7a2023]
V  [jvm.dll+0x40dc3f]
V  [jvm.dll+0x40f611]
C  [jli.dll+0x526b]
C  [ucrtbase.dll+0x21bb2]
C  [KERNEL32.DLL+0x17614]
C  [ntdll.dll+0x526b1]


---------------  P R O C E S S  ---------------

Threads class SMR info:
_java_thread_list=0x00007ffec5d9e550, length=0, elements={
}

Java Threads: ( => current thread )

Other Threads:
  0x000001ccbd915110 WorkerThread "GC Thread#0" [stack: 0x0000002f7a400000,0x0000002f7a500000] [id=20484]
  0x000001ccbd925ed0 ConcurrentGCThread "G1 Main Marker" [stack: 0x0000002f7a500000,0x0000002f7a600000] [id=4492]
  0x000001ccbd927060 WorkerThread "G1 Conc#0" [stack: 0x0000002f7a600000,0x0000002f7a700000] [id=13584]

[error occurred during error reporting (printing all threads), id 0xc0000005, EXCEPTION_ACCESS_VIOLATION (0xc0000005) at pc=0x00007ffec55ca877]

VM state: not at safepoint (not fully initialized)

VM Mutex/Monitor currently owned by a thread:  ([mutex/lock_event])
[0x000001ccbd89e290] Heap_lock - owner thread: 0x000001ccbd8a2200

Heap address: 0x0000000701600000, size: 4074 MB, Compressed Oops mode: Zero based, Oop shift amount: 3

CDS archive(s) mapped at: [0x0000000000000000-0x0000000000000000-0x0000000000000000), size 0, SharedBaseAddress: 0x0000000800000000, ArchiveRelocationMode: 0.
Narrow klass base: 0x0000000000000000, Narrow klass shift: 0, Narrow klass range: 0x0

GC Precious Log:
 CardTable entry size: 512
 Card Set container configuration: InlinePtr #cards 4 size 8 Array Of Cards #cards 16 size 48 Howl #buckets 8 coarsen threshold 3686 Howl Bitmap #cards 512 size 80 coarsen threshold 460 Card regions per heap region 1 cards per card region 4096

Heap:
 garbage-first heap   total 0K, used 0K [0x0000000701600000, 0x0000000800000000)
  region size 2048K, 0 young (0K), 0 survivors (0K)

[error occurred during error reporting (printing heap information), id 0xc0000005, EXCEPTION_ACCESS_VIOLATION (0xc0000005) at pc=0x00007ffec59b1839]

GC Heap History (0 events):
No events

Deoptimization events (0 events):
No events

Classes loaded (0 events):
No events

Classes unloaded (0 events):
No events

Classes redefined (0 events):
No events

Internal exceptions (0 events):
No events

VM Operations (0 events):
No events

Events (1 events):
Event: 0.004 Loaded shared library C:\Program Files\Java\jdk-18.0.2.1\bin\java.dll


Dynamic libraries:
0x00007ff6a1540000 - 0x00007ff6a1550000 	C:\Program Files\Java\jdk-18.0.2.1\bin\java.exe
0x00007fff5cb70000 - 0x00007fff5cd68000 	C:\Windows\SYSTEM32\ntdll.dll
0x00007fff5ac70000 - 0x00007fff5ad2f000 	C:\Windows\System32\KERNEL32.DLL
0x00007fff5a660000 - 0x00007fff5a956000 	C:\Windows\System32\KERNELBASE.dll
0x00007fff5a560000 - 0x00007fff5a660000 	C:\Windows\System32\ucrtbase.dll
0x00007fff3e470000 - 0x00007fff3e48a000 	C:\Program Files\Java\jdk-18.0.2.1\bin\VCRUNTIME140.dll
0x00007fff3e4b0000 - 0x00007fff3e4c8000 	C:\Program Files\Java\jdk-18.0.2.1\bin\jli.dll
0x00007fff5b7d0000 - 0x00007fff5b87f000 	C:\Windows\System32\ADVAPI32.dll
0x00007fff5c510000 - 0x00007fff5c5ae000 	C:\Windows\System32\msvcrt.dll
0x00007fff5abd0000 - 0x00007fff5ac6c000 	C:\Windows\System32\sechost.dll
0x00007fff5bff0000 - 0x00007fff5c116000 	C:\Windows\System32\RPCRT4.dll
0x00007fff5c160000 - 0x00007fff5c2fd000 	C:\Windows\System32\USER32.dll
0x00007fff5aa10000 - 0x00007fff5aa32000 	C:\Windows\System32\win32u.dll
0x00007fff434b0000 - 0x00007fff4374a000 	C:\Windows\WinSxS\amd64_microsoft.windows.common-controls_6595b64144ccf1df_6.0.19041.1110_none_60b5254171f9507e\COMCTL32.dll
0x00007fff5adc0000 - 0x00007fff5adec000 	C:\Windows\System32\GDI32.dll
0x00007fff5a440000 - 0x00007fff5a555000 	C:\Windows\System32\gdi32full.dll
0x00007fff5a3a0000 - 0x00007fff5a43d000 	C:\Windows\System32\msvcp_win.dll
0x00007fff52cf0000 - 0x00007fff52cfa000 	C:\Windows\SYSTEM32\VERSION.dll
0x00007fff5c120000 - 0x00007fff5c150000 	C:\Windows\System32\IMM32.DLL
0x00007fff4be80000 - 0x00007fff4be8c000 	C:\Program Files\Java\jdk-18.0.2.1\bin\vcruntime140_1.dll
0x00007fff0da00000 - 0x00007fff0da8d000 	C:\Program Files\Java\jdk-18.0.2.1\bin\msvcp140.dll
0x00007ffec52c0000 - 0x00007ffec5ed1000 	C:\Program Files\Java\jdk-18.0.2.1\bin\server\jvm.dll
0x00007fff5c4a0000 - 0x00007fff5c4a8000 	C:\Windows\System32\PSAPI.DLL
0x00007fff4dfa0000 - 0x00007fff4dfa9000 	C:\Windows\SYSTEM32\WSOCK32.dll
0x00007fff4d440000 - 0x00007fff4d467000 	C:\Windows\SYSTEM32\WINMM.dll
0x00007fff5bc40000 - 0x00007fff5bcab000 	C:\Windows\System32\WS2_32.dll
0x00007fff58ab0000 - 0x00007fff58ac2000 	C:\Windows\SYSTEM32\kernel.appcore.dll
0x00007fff4be10000 - 0x00007fff4be1a000 	C:\Program Files\Java\jdk-18.0.2.1\bin\jimage.dll
0x00007fff57f80000 - 0x00007fff58164000 	C:\Windows\SYSTEM32\DBGHELP.DLL
0x00007fff41c00000 - 0x00007fff41c34000 	C:\Windows\SYSTEM32\dbgcore.DLL
0x00007fff5a310000 - 0x00007fff5a392000 	C:\Windows\System32\bcryptPrimitives.dll
0x00007fff276a0000 - 0x00007fff276c5000 	C:\Program Files\Java\jdk-18.0.2.1\bin\java.dll

dbghelp: loaded successfully - version: 4.0.5 - missing functions: none
symbol engine: initialized successfully - sym options: 0x614 - pdb path: .;C:\Program Files\Java\jdk-18.0.2.1\bin;C:\Windows\SYSTEM32;C:\Windows\WinSxS\amd64_microsoft.windows.common-controls_6595b64144ccf1df_6.0.19041.1110_none_60b5254171f9507e;C:\Program Files\Java\jdk-18.0.2.1\bin\server

VM Arguments:
java_command: C:\Users\hersa\AppData\Local\Temp\surefire10583005096521768957\surefirebooter-20230809205519993_3.jar C:\Users\hersa\AppData\Local\Temp\surefire10583005096521768957 2023-08-09T20-55-19_868-jvmRun1 surefire-20230809205519993_1tmp surefire_0-20230809205519993_2tmp
java_class_path (initial): C:\Users\hersa\AppData\Local\Temp\surefire10583005096521768957\surefirebooter-20230809205519993_3.jar
Launcher Type: SUN_STANDARD

[Global flags]
     intx CICompilerCount                          = 12                                        {product} {ergonomic}
     uint ConcGCThreads                            = 3                                         {product} {ergonomic}
     uint G1ConcRefinementThreads                  = 13                                        {product} {ergonomic}
   size_t G1HeapRegionSize                         = 2097152                                   {product} {ergonomic}
    uintx GCDrainStackTargetSize                   = 64                                        {product} {ergonomic}
   size_t InitialHeapSize                          = 268435456                                 {product} {ergonomic}
   size_t MarkStackSize                            = 4194304                                   {product} {ergonomic}
   size_t MaxHeapSize                              = 4271898624                                {product} {ergonomic}
   size_t MinHeapDeltaBytes                        = 2097152                                   {product} {ergonomic}
   size_t MinHeapSize                              = 8388608                                   {product} {ergonomic}
    uintx NonNMethodCodeHeapSize                   = 7602480                                {pd product} {ergonomic}
    uintx NonProfiledCodeHeapSize                  = 122027880                              {pd product} {ergonomic}
    uintx ProfiledCodeHeapSize                     = 122027880                              {pd product} {ergonomic}
    uintx ReservedCodeCacheSize                    = 251658240                              {pd product} {ergonomic}
     bool SegmentedCodeCache                       = true                                      {product} {ergonomic}
   size_t SoftMaxHeapSize                          = 4271898624                             {manageable} {ergonomic}
     bool UseCompressedClassPointers               = true                           {product lp64_product} {ergonomic}
     bool UseCompressedOops                        = true                           {product lp64_product} {ergonomic}
     bool UseG1GC                                  = true                                      {product} {ergonomic}
     bool UseLargePagesIndividualAllocation        = false                                  {pd product} {ergonomic}

Logging:
Log output configuration:
 #0: stdout all=warning uptime,level,tags foldmultilines=false
 #1: stderr all=off uptime,level,tags foldmultilines=false

Environment Variables:
JAVA_HOME=C:\Program Files\Java\jdk-18.0.2.1
PATH=C:\Program Files\Common Files\Oracle\Java\javapath;C:\Program Files (x86)\Common Files\Oracle\Java\javapath;C:\Windows\system32;C:\Windows;C:\Windows\System32\Wbem;C:\Windows\System32\WindowsPowerShell\v1.0\;C:\Windows\System32\OpenSSH\;C:\Program Files\NVIDIA Corporation\NVIDIA NvDLISR;C:\Program Files (x86)\NVIDIA Corporation\PhysX\Common;C:\Program Files\Cloudflare\Cloudflare WARP\;C:\Program Files\Git\cmd;C:\Program Files\dotnet\;C:\Program Files\Microsoft SQL Server\Client SDK\ODBC\170\Tools\Binn\;C:\Program Files (x86)\Microsoft SQL Server\150\Tools\Binn\;C:\Program Files\Microsoft SQL Server\150\Tools\Binn\;C:\Program Files\Microsoft SQL Server\150\DTS\Binn\;C:\Program Files (x86)\Microsoft SQL Server\160\DTS\Binn\;C:\Program Files\Azure Data Studio\bin;C:\Program Files\Java\jdk-18.0.2.1\bin;C:\Program Files\MySQL\MySQL Shell 8.0\bin\;C:\Users\hersa\AppData\Local\Microsoft\WindowsApps;;C:\Program Files\JetBrains\IntelliJ IDEA 2022.3.2\bin;;C:\Program Files\JetBrains\IntelliJ IDEA Community Edition 2022.3.2\bin;;C:\Program Files\Azure Data Studio\bin
USERNAME=hersa
OS=Windows_NT
PROCESSOR_IDENTIFIER=AMD64 Family 25 Model 33 Stepping 2, AuthenticAMD



---------------  S Y S T E M  ---------------

OS:
 Windows 10 , 64 bit Build 19041 (10.0.19041.3155)
OS uptime: 3 days 1:44 hours

CPU: total 16 (initial active 16) (16 cores per cpu, 2 threads per core) family 25 model 33 stepping 2 microcode 0x0, cx8, cmov, fxsr, ht, mmx, 3dnowpref, sse, sse2, sse3, ssse3, sse4a, sse4.1, sse4.2, popcnt, lzcnt, tsc, tscinvbit, avx, avx2, aes, erms, clmul, bmi1, bmi2, adx, sha, fma, vzeroupper, clflush, clflushopt

Memory: 4k page, system-wide physical 16294M (4495M free)
TotalPageFile size 18342M (AvailPageFile size 9M)
current process WorkingSet (physical memory assigned to process): 11M, peak: 11M
current process commit charge ("private bytes"): 70M, peak: 326M

vm_info: Java HotSpot(TM) 64-Bit Server VM (18.0.2.1+1-1) for windows-amd64 JRE (18.0.2.1+1-1), built on Aug 16 2022 01:46:33 by "mach5one" with MS VC++ 16.8 / 16.9 (VS2019)

END.
