#
# There is insufficient memory for the Java Runtime Environment to continue.
# Native memory allocation (malloc) failed to allocate 1705632 bytes for Chunk::new
# Possible reasons:
#   The system is out of physical RAM or swap space
#   The process is running with CompressedOops enabled, and the Java Heap may be blocking the growth of the native heap
# Possible solutions:
#   Reduce memory load on the system
#   Increase physical memory or swap space
#   Check if swap backing store is full
#   Decrease Java heap size (-Xmx/-Xms)
#   Decrease number of Java threads
#   Decrease Java thread stack sizes (-Xss)
#   Set larger code cache with -XX:ReservedCodeCacheSize=
#   JVM is running with Zero Based Compressed Oops mode in which the Java heap is
#     placed in the first 32GB address space. The Java Heap base address is the
#     maximum limit for the native heap growth. Please use -XX:HeapBaseMinAddress
#     to set the Java Heap base and to place the Java Heap above 32GB virtual address.
# This output file may be truncated or incomplete.
#
#  Out of Memory Error (arena.cpp:184), pid=5496, tid=15172
#
# JRE version: Java(TM) SE Runtime Environment (18.0.2.1+1) (build 18.0.2.1+1-1)
# Java VM: Java HotSpot(TM) 64-Bit Server VM (18.0.2.1+1-1, mixed mode, sharing, tiered, compressed oops, compressed class ptrs, g1 gc, windows-amd64)
# No core dump will be written. Minidumps are not enabled by default on client versions of Windows
#

---------------  S U M M A R Y ------------

Command Line: -Dclassworlds.conf=C:\Program Files\NetBeans-15\netbeans\java\maven\bin\m2.conf -Dmaven.home=C:\Program Files\NetBeans-15\netbeans\java\maven -Dlibrary.jansi.path=C:\Program Files\NetBeans-15\netbeans\java\maven\lib\jansi-native -Dmaven.multiModuleProjectDirectory=C:\Users\hersa\Desktop\Fidelitas\Cuarto Cuatri\Aplicaciones Web Y Patrones\ProyectoFinal\ProyectoFUNC\ProyectoFUNC org.codehaus.plexus.classworlds.launcher.Launcher -Drun.jvmArguments=-noverify -XX:TieredStopAtLevel=1 -Drun.mainClass=proyecto_func.Proyecto_funcApplication -Dexec.vmArgs= -Dexec.appArgs= -Dmaven.ext.class.path=C:\Program Files\NetBeans-15\netbeans\java\maven-nblib\netbeans-eventspy.jar spring-boot:run

Host: AMD Ryzen 7 5700X 8-Core Processor             , 16 cores, 15G,  Windows 10 , 64 bit Build 19041 (10.0.19041.3155)
Time: Wed Aug  9 20:56:31 2023 Hora estándar, América Central elapsed time: 1.415900 seconds (0d 0h 0m 1s)

---------------  T H R E A D  ---------------

Current thread (0x000001cc63d4fd10):  JavaThread "C2 CompilerThread4" daemon [_thread_in_native, id=15172, stack(0x0000003b5bd00000,0x0000003b5be00000)]


Current CompileTask:
C2:   1415 3499   !   4       org.codehaus.plexus.interpolation.StringSearchInterpolator::interpolate (668 bytes)

Stack: [0x0000003b5bd00000,0x0000003b5be00000]
Native frames: (J=compiled Java code, j=interpreted, Vv=VM code, C=native code)
V  [jvm.dll+0x6993aa]
V  [jvm.dll+0x7f46dd]
V  [jvm.dll+0x7f5fee]
V  [jvm.dll+0x7f66a3]
V  [jvm.dll+0x25cf1f]
V  [jvm.dll+0xb8c2f]
V  [jvm.dll+0xb8fa5]
V  [jvm.dll+0x3860cb]
V  [jvm.dll+0x34fe71]
V  [jvm.dll+0x34f30a]
V  [jvm.dll+0x230101]
V  [jvm.dll+0x22f4d1]
V  [jvm.dll+0x1ba01c]
V  [jvm.dll+0x23ee0a]
V  [jvm.dll+0x23d0f5]
V  [jvm.dll+0x7a6dd1]
V  [jvm.dll+0x7a120a]
V  [jvm.dll+0x698255]
C  [ucrtbase.dll+0x21bb2]
C  [KERNEL32.DLL+0x17614]
C  [ntdll.dll+0x526b1]


---------------  P R O C E S S  ---------------

Threads class SMR info:
_java_thread_list=0x000001cc63d50ac0, length=22, elements={
0x000001cc3ba66590, 0x000001cc5f2bbe90, 0x000001cc5f2bd850, 0x000001cc5f2d88c0,
0x000001cc5f2d9e80, 0x000001cc5f2da430, 0x000001cc5f2deb30, 0x000001cc5f2e2a50,
0x000001cc5f30c1b0, 0x000001cc5f3167a0, 0x000001cc635ebde0, 0x000001cc635f5310,
0x000001cc63615aa0, 0x000001cc636161d0, 0x000001cc63ab23d0, 0x000001cc63abe720,
0x000001cc6403bed0, 0x000001cc64009890, 0x000001cc63d4fd10, 0x000001cc63d50210,
0x000001cc64006030, 0x000001cc64006940
}

Java Threads: ( => current thread )
  0x000001cc3ba66590 JavaThread "main" [_thread_in_Java, id=21880, stack(0x0000003b5a400000,0x0000003b5a500000)]
  0x000001cc5f2bbe90 JavaThread "Reference Handler" daemon [_thread_blocked, id=12628, stack(0x0000003b5ab00000,0x0000003b5ac00000)]
  0x000001cc5f2bd850 JavaThread "Finalizer" daemon [_thread_blocked, id=14008, stack(0x0000003b5ac00000,0x0000003b5ad00000)]
  0x000001cc5f2d88c0 JavaThread "Signal Dispatcher" daemon [_thread_blocked, id=14948, stack(0x0000003b5ad00000,0x0000003b5ae00000)]
  0x000001cc5f2d9e80 JavaThread "Attach Listener" daemon [_thread_blocked, id=13340, stack(0x0000003b5ae00000,0x0000003b5af00000)]
  0x000001cc5f2da430 JavaThread "Service Thread" daemon [_thread_blocked, id=9460, stack(0x0000003b5af00000,0x0000003b5b000000)]
  0x000001cc5f2deb30 JavaThread "Monitor Deflation Thread" daemon [_thread_blocked, id=21596, stack(0x0000003b5b000000,0x0000003b5b100000)]
  0x000001cc5f2e2a50 JavaThread "C2 CompilerThread0" daemon [_thread_in_vm, id=18996, stack(0x0000003b5b100000,0x0000003b5b200000)]
  0x000001cc5f30c1b0 JavaThread "C1 CompilerThread0" daemon [_thread_blocked, id=11648, stack(0x0000003b5b200000,0x0000003b5b300000)]
  0x000001cc5f3167a0 JavaThread "Sweeper thread" daemon [_thread_blocked, id=20704, stack(0x0000003b5b300000,0x0000003b5b400000)]
  0x000001cc635ebde0 JavaThread "C1 CompilerThread1" daemon [_thread_blocked, id=7200, stack(0x0000003b5b400000,0x0000003b5b500000)]
  0x000001cc635f5310 JavaThread "C1 CompilerThread2" daemon [_thread_blocked, id=19808, stack(0x0000003b5b500000,0x0000003b5b600000)]
  0x000001cc63615aa0 JavaThread "Notification Thread" daemon [_thread_blocked, id=18556, stack(0x0000003b5b600000,0x0000003b5b700000)]
  0x000001cc636161d0 JavaThread "Common-Cleaner" daemon [_thread_blocked, id=592, stack(0x0000003b5b800000,0x0000003b5b900000)]
  0x000001cc63ab23d0 JavaThread "C1 CompilerThread3" daemon [_thread_blocked, id=9212, stack(0x0000003b5b900000,0x0000003b5ba00000)]
  0x000001cc63abe720 JavaThread "C2 CompilerThread1" daemon [_thread_in_native, id=11388, stack(0x0000003b5ba00000,0x0000003b5bb00000)]
  0x000001cc6403bed0 JavaThread "C2 CompilerThread2" daemon [_thread_blocked, id=16284, stack(0x0000003b5bb00000,0x0000003b5bc00000)]
  0x000001cc64009890 JavaThread "C2 CompilerThread3" daemon [_thread_blocked, id=8796, stack(0x0000003b5bc00000,0x0000003b5bd00000)]
=>0x000001cc63d4fd10 JavaThread "C2 CompilerThread4" daemon [_thread_in_native, id=15172, stack(0x0000003b5bd00000,0x0000003b5be00000)]
  0x000001cc63d50210 JavaThread "C2 CompilerThread5" daemon [_thread_blocked, id=14248, stack(0x0000003b5be00000,0x0000003b5bf00000)]
  0x000001cc64006030 JavaThread "C2 CompilerThread6" daemon [_thread_in_native, id=3704, stack(0x0000003b5bf00000,0x0000003b5c000000)]
  0x000001cc64006940 JavaThread "C2 CompilerThread7" daemon [_thread_in_native, id=1696, stack(0x0000003b5c000000,0x0000003b5c100000)]

Other Threads:
  0x000001cc3bafcd80 VMThread "VM Thread" [stack: 0x0000003b5aa00000,0x0000003b5ab00000] [id=8040]
  0x000001cc63615f60 WatcherThread "VM Periodic Task Thread" [stack: 0x0000003b5b700000,0x0000003b5b800000] [id=13200]
  0x000001cc3bad6550 WorkerThread "GC Thread#0" [stack: 0x0000003b5a500000,0x0000003b5a600000] [id=17440]
  0x000001cc63668e90 WorkerThread "GC Thread#1" [stack: 0x0000003b5c100000,0x0000003b5c200000] [id=17592]
  0x000001cc640a81b0 WorkerThread "GC Thread#2" [stack: 0x0000003b5c200000,0x0000003b5c300000] [id=8096]
  0x000001cc63d50b20 WorkerThread "GC Thread#3" [stack: 0x0000003b5c300000,0x0000003b5c400000] [id=4596]
  0x000001cc64a51210 WorkerThread "GC Thread#4" [stack: 0x0000003b5c400000,0x0000003b5c500000] [id=16352]
  0x000001cc64a4ffb0 WorkerThread "GC Thread#5" [stack: 0x0000003b5c500000,0x0000003b5c600000] [id=12524]
  0x000001cc64a4fa70 WorkerThread "GC Thread#6" [stack: 0x0000003b5c600000,0x0000003b5c700000] [id=20312]
  0x000001cc64a51750 WorkerThread "GC Thread#7" [stack: 0x0000003b5c700000,0x0000003b5c800000] [id=19428]
  0x000001cc64a50cd0 WorkerThread "GC Thread#8" [stack: 0x0000003b5c800000,0x0000003b5c900000] [id=22152]
  0x000001cc64a4fd10 WorkerThread "GC Thread#9" [stack: 0x0000003b5c900000,0x0000003b5ca00000] [id=19312]
  0x000001cc3bae7310 ConcurrentGCThread "G1 Main Marker" [stack: 0x0000003b5a600000,0x0000003b5a700000] [id=2928]
  0x000001cc3bae84a0 WorkerThread "G1 Conc#0" [stack: 0x0000003b5a700000,0x0000003b5a800000] [id=20052]
  0x000001cc3bb2e7f0 ConcurrentGCThread "G1 Refine#0" [stack: 0x0000003b5a800000,0x0000003b5a900000] [id=11280]
  0x000001cc5f171170 ConcurrentGCThread "G1 Service" [stack: 0x0000003b5a900000,0x0000003b5aa00000] [id=16144]

Threads with active compile tasks:
C2 CompilerThread0     1439 3885   !   4       com.google.inject.internal.FactoryProxy::get (56 bytes)
C2 CompilerThread1     1439 3843   !   4       com.google.inject.internal.InjectorImpl$1::get (79 bytes)
C2 CompilerThread4     1439 3499   !   4       org.codehaus.plexus.interpolation.StringSearchInterpolator::interpolate (668 bytes)
C2 CompilerThread6     1439 3796   !   4       org.apache.maven.model.Plugin::clone (204 bytes)
C2 CompilerThread7     1439 3881       4       org.codehaus.plexus.interpolation.PrefixAwareRecursionInterceptor::expressionResolutionStarted (23 bytes)

VM state: not at safepoint (normal execution)

VM Mutex/Monitor currently owned by a thread: None

Heap address: 0x0000000701600000, size: 4074 MB, Compressed Oops mode: Zero based, Oop shift amount: 3

CDS archive(s) mapped at: [0x0000000800000000-0x0000000800ba0000-0x0000000800ba0000), size 12189696, SharedBaseAddress: 0x0000000800000000, ArchiveRelocationMode: 0.
Compressed class space mapped at: 0x0000000800c00000-0x0000000840c00000, reserved size: 1073741824
Narrow klass base: 0x0000000800000000, Narrow klass shift: 0, Narrow klass range: 0x100000000

GC Precious Log:
 CardTable entry size: 512
 Card Set container configuration: InlinePtr #cards 4 size 8 Array Of Cards #cards 16 size 48 Howl #buckets 8 coarsen threshold 3686 Howl Bitmap #cards 512 size 80 coarsen threshold 460 Card regions per heap region 1 cards per card region 4096
 CPUs: 16 total, 16 available
 Memory: 16294M
 Large Page Support: Disabled
 NUMA Support: Disabled
 Compressed Oops: Enabled (Zero based)
 Heap Region Size: 2M
 Heap Min Capacity: 8M
 Heap Initial Capacity: 256M
 Heap Max Capacity: 4074M
 Pre-touch: Disabled
 Parallel Workers: 13
 Concurrent Workers: 3
 Concurrent Refinement Workers: 13
 Periodic GC: Disabled

Heap:
 garbage-first heap   total 262144K, used 79604K [0x0000000701600000, 0x0000000800000000)
  region size 2048K, 39 young (79872K), 2 survivors (4096K)
 Metaspace       used 13437K, committed 13760K, reserved 1114112K
  class space    used 1453K, committed 1600K, reserved 1048576K

Heap Regions: E=young(eden), S=young(survivor), O=old, HS=humongous(starts), HC=humongous(continues), CS=collection set, F=free, OA=open archive, CA=closed archive, TAMS=top-at-mark-start (previous, next)
|   0|0x0000000701600000, 0x0000000701800000, 0x0000000701800000|100%| O|  |TAMS 0x0000000701600000, 0x0000000701600000| Untracked 
|   1|0x0000000701800000, 0x0000000701945800, 0x0000000701a00000| 63%| O|  |TAMS 0x0000000701800000, 0x0000000701800000| Untracked 
|   2|0x0000000701a00000, 0x0000000701a00000, 0x0000000701c00000|  0%| F|  |TAMS 0x0000000701a00000, 0x0000000701a00000| Untracked 
|   3|0x0000000701c00000, 0x0000000701c00000, 0x0000000701e00000|  0%| F|  |TAMS 0x0000000701c00000, 0x0000000701c00000| Untracked 
|   4|0x0000000701e00000, 0x0000000701e00000, 0x0000000702000000|  0%| F|  |TAMS 0x0000000701e00000, 0x0000000701e00000| Untracked 
|   5|0x0000000702000000, 0x0000000702000000, 0x0000000702200000|  0%| F|  |TAMS 0x0000000702000000, 0x0000000702000000| Untracked 
|   6|0x0000000702200000, 0x0000000702200000, 0x0000000702400000|  0%| F|  |TAMS 0x0000000702200000, 0x0000000702200000| Untracked 
|   7|0x0000000702400000, 0x0000000702400000, 0x0000000702600000|  0%| F|  |TAMS 0x0000000702400000, 0x0000000702400000| Untracked 
|   8|0x0000000702600000, 0x0000000702600000, 0x0000000702800000|  0%| F|  |TAMS 0x0000000702600000, 0x0000000702600000| Untracked 
|   9|0x0000000702800000, 0x0000000702800000, 0x0000000702a00000|  0%| F|  |TAMS 0x0000000702800000, 0x0000000702800000| Untracked 
|  10|0x0000000702a00000, 0x0000000702a00000, 0x0000000702c00000|  0%| F|  |TAMS 0x0000000702a00000, 0x0000000702a00000| Untracked 
|  11|0x0000000702c00000, 0x0000000702c00000, 0x0000000702e00000|  0%| F|  |TAMS 0x0000000702c00000, 0x0000000702c00000| Untracked 
|  12|0x0000000702e00000, 0x0000000702e00000, 0x0000000703000000|  0%| F|  |TAMS 0x0000000702e00000, 0x0000000702e00000| Untracked 
|  13|0x0000000703000000, 0x0000000703000000, 0x0000000703200000|  0%| F|  |TAMS 0x0000000703000000, 0x0000000703000000| Untracked 
|  14|0x0000000703200000, 0x0000000703200000, 0x0000000703400000|  0%| F|  |TAMS 0x0000000703200000, 0x0000000703200000| Untracked 
|  15|0x0000000703400000, 0x0000000703400000, 0x0000000703600000|  0%| F|  |TAMS 0x0000000703400000, 0x0000000703400000| Untracked 
|  16|0x0000000703600000, 0x0000000703600000, 0x0000000703800000|  0%| F|  |TAMS 0x0000000703600000, 0x0000000703600000| Untracked 
|  17|0x0000000703800000, 0x0000000703800000, 0x0000000703a00000|  0%| F|  |TAMS 0x0000000703800000, 0x0000000703800000| Untracked 
|  18|0x0000000703a00000, 0x0000000703a00000, 0x0000000703c00000|  0%| F|  |TAMS 0x0000000703a00000, 0x0000000703a00000| Untracked 
|  19|0x0000000703c00000, 0x0000000703c00000, 0x0000000703e00000|  0%| F|  |TAMS 0x0000000703c00000, 0x0000000703c00000| Untracked 
|  20|0x0000000703e00000, 0x0000000703e00000, 0x0000000704000000|  0%| F|  |TAMS 0x0000000703e00000, 0x0000000703e00000| Untracked 
|  21|0x0000000704000000, 0x0000000704000000, 0x0000000704200000|  0%| F|  |TAMS 0x0000000704000000, 0x0000000704000000| Untracked 
|  22|0x0000000704200000, 0x0000000704200000, 0x0000000704400000|  0%| F|  |TAMS 0x0000000704200000, 0x0000000704200000| Untracked 
|  23|0x0000000704400000, 0x0000000704400000, 0x0000000704600000|  0%| F|  |TAMS 0x0000000704400000, 0x0000000704400000| Untracked 
|  24|0x0000000704600000, 0x0000000704600000, 0x0000000704800000|  0%| F|  |TAMS 0x0000000704600000, 0x0000000704600000| Untracked 
|  25|0x0000000704800000, 0x0000000704800000, 0x0000000704a00000|  0%| F|  |TAMS 0x0000000704800000, 0x0000000704800000| Untracked 
|  26|0x0000000704a00000, 0x0000000704a00000, 0x0000000704c00000|  0%| F|  |TAMS 0x0000000704a00000, 0x0000000704a00000| Untracked 
|  27|0x0000000704c00000, 0x0000000704c00000, 0x0000000704e00000|  0%| F|  |TAMS 0x0000000704c00000, 0x0000000704c00000| Untracked 
|  28|0x0000000704e00000, 0x0000000704e00000, 0x0000000705000000|  0%| F|  |TAMS 0x0000000704e00000, 0x0000000704e00000| Untracked 
|  29|0x0000000705000000, 0x0000000705000000, 0x0000000705200000|  0%| F|  |TAMS 0x0000000705000000, 0x0000000705000000| Untracked 
|  30|0x0000000705200000, 0x0000000705200000, 0x0000000705400000|  0%| F|  |TAMS 0x0000000705200000, 0x0000000705200000| Untracked 
|  31|0x0000000705400000, 0x0000000705400000, 0x0000000705600000|  0%| F|  |TAMS 0x0000000705400000, 0x0000000705400000| Untracked 
|  32|0x0000000705600000, 0x0000000705600000, 0x0000000705800000|  0%| F|  |TAMS 0x0000000705600000, 0x0000000705600000| Untracked 
|  33|0x0000000705800000, 0x0000000705800000, 0x0000000705a00000|  0%| F|  |TAMS 0x0000000705800000, 0x0000000705800000| Untracked 
|  34|0x0000000705a00000, 0x0000000705a00000, 0x0000000705c00000|  0%| F|  |TAMS 0x0000000705a00000, 0x0000000705a00000| Untracked 
|  35|0x0000000705c00000, 0x0000000705c00000, 0x0000000705e00000|  0%| F|  |TAMS 0x0000000705c00000, 0x0000000705c00000| Untracked 
|  36|0x0000000705e00000, 0x0000000705e00000, 0x0000000706000000|  0%| F|  |TAMS 0x0000000705e00000, 0x0000000705e00000| Untracked 
|  37|0x0000000706000000, 0x0000000706000000, 0x0000000706200000|  0%| F|  |TAMS 0x0000000706000000, 0x0000000706000000| Untracked 
|  38|0x0000000706200000, 0x0000000706200000, 0x0000000706400000|  0%| F|  |TAMS 0x0000000706200000, 0x0000000706200000| Untracked 
|  39|0x0000000706400000, 0x0000000706400000, 0x0000000706600000|  0%| F|  |TAMS 0x0000000706400000, 0x0000000706400000| Untracked 
|  40|0x0000000706600000, 0x0000000706600000, 0x0000000706800000|  0%| F|  |TAMS 0x0000000706600000, 0x0000000706600000| Untracked 
|  41|0x0000000706800000, 0x0000000706800000, 0x0000000706a00000|  0%| F|  |TAMS 0x0000000706800000, 0x0000000706800000| Untracked 
|  42|0x0000000706a00000, 0x0000000706a00000, 0x0000000706c00000|  0%| F|  |TAMS 0x0000000706a00000, 0x0000000706a00000| Untracked 
|  43|0x0000000706c00000, 0x0000000706c00000, 0x0000000706e00000|  0%| F|  |TAMS 0x0000000706c00000, 0x0000000706c00000| Untracked 
|  44|0x0000000706e00000, 0x0000000706e00000, 0x0000000707000000|  0%| F|  |TAMS 0x0000000706e00000, 0x0000000706e00000| Untracked 
|  45|0x0000000707000000, 0x0000000707000000, 0x0000000707200000|  0%| F|  |TAMS 0x0000000707000000, 0x0000000707000000| Untracked 
|  46|0x0000000707200000, 0x0000000707200000, 0x0000000707400000|  0%| F|  |TAMS 0x0000000707200000, 0x0000000707200000| Untracked 
|  47|0x0000000707400000, 0x0000000707400000, 0x0000000707600000|  0%| F|  |TAMS 0x0000000707400000, 0x0000000707400000| Untracked 
|  48|0x0000000707600000, 0x0000000707600000, 0x0000000707800000|  0%| F|  |TAMS 0x0000000707600000, 0x0000000707600000| Untracked 
|  49|0x0000000707800000, 0x0000000707800000, 0x0000000707a00000|  0%| F|  |TAMS 0x0000000707800000, 0x0000000707800000| Untracked 
|  50|0x0000000707a00000, 0x0000000707a00000, 0x0000000707c00000|  0%| F|  |TAMS 0x0000000707a00000, 0x0000000707a00000| Untracked 
|  51|0x0000000707c00000, 0x0000000707c00000, 0x0000000707e00000|  0%| F|  |TAMS 0x0000000707c00000, 0x0000000707c00000| Untracked 
|  52|0x0000000707e00000, 0x0000000707e00000, 0x0000000708000000|  0%| F|  |TAMS 0x0000000707e00000, 0x0000000707e00000| Untracked 
|  53|0x0000000708000000, 0x0000000708000000, 0x0000000708200000|  0%| F|  |TAMS 0x0000000708000000, 0x0000000708000000| Untracked 
|  54|0x0000000708200000, 0x0000000708200000, 0x0000000708400000|  0%| F|  |TAMS 0x0000000708200000, 0x0000000708200000| Untracked 
|  55|0x0000000708400000, 0x0000000708400000, 0x0000000708600000|  0%| F|  |TAMS 0x0000000708400000, 0x0000000708400000| Untracked 
|  56|0x0000000708600000, 0x0000000708600000, 0x0000000708800000|  0%| F|  |TAMS 0x0000000708600000, 0x0000000708600000| Untracked 
|  57|0x0000000708800000, 0x0000000708800000, 0x0000000708a00000|  0%| F|  |TAMS 0x0000000708800000, 0x0000000708800000| Untracked 
|  58|0x0000000708a00000, 0x0000000708a00000, 0x0000000708c00000|  0%| F|  |TAMS 0x0000000708a00000, 0x0000000708a00000| Untracked 
|  59|0x0000000708c00000, 0x0000000708c00000, 0x0000000708e00000|  0%| F|  |TAMS 0x0000000708c00000, 0x0000000708c00000| Untracked 
|  60|0x0000000708e00000, 0x0000000708e00000, 0x0000000709000000|  0%| F|  |TAMS 0x0000000708e00000, 0x0000000708e00000| Untracked 
|  61|0x0000000709000000, 0x0000000709000000, 0x0000000709200000|  0%| F|  |TAMS 0x0000000709000000, 0x0000000709000000| Untracked 
|  62|0x0000000709200000, 0x0000000709200000, 0x0000000709400000|  0%| F|  |TAMS 0x0000000709200000, 0x0000000709200000| Untracked 
|  63|0x0000000709400000, 0x0000000709400000, 0x0000000709600000|  0%| F|  |TAMS 0x0000000709400000, 0x0000000709400000| Untracked 
|  64|0x0000000709600000, 0x0000000709600000, 0x0000000709800000|  0%| F|  |TAMS 0x0000000709600000, 0x0000000709600000| Untracked 
|  65|0x0000000709800000, 0x0000000709800000, 0x0000000709a00000|  0%| F|  |TAMS 0x0000000709800000, 0x0000000709800000| Untracked 
|  66|0x0000000709a00000, 0x0000000709a00000, 0x0000000709c00000|  0%| F|  |TAMS 0x0000000709a00000, 0x0000000709a00000| Untracked 
|  67|0x0000000709c00000, 0x0000000709c00000, 0x0000000709e00000|  0%| F|  |TAMS 0x0000000709c00000, 0x0000000709c00000| Untracked 
|  68|0x0000000709e00000, 0x0000000709e00000, 0x000000070a000000|  0%| F|  |TAMS 0x0000000709e00000, 0x0000000709e00000| Untracked 
|  69|0x000000070a000000, 0x000000070a000000, 0x000000070a200000|  0%| F|  |TAMS 0x000000070a000000, 0x000000070a000000| Untracked 
|  70|0x000000070a200000, 0x000000070a200000, 0x000000070a400000|  0%| F|  |TAMS 0x000000070a200000, 0x000000070a200000| Untracked 
|  71|0x000000070a400000, 0x000000070a400000, 0x000000070a600000|  0%| F|  |TAMS 0x000000070a400000, 0x000000070a400000| Untracked 
|  72|0x000000070a600000, 0x000000070a600000, 0x000000070a800000|  0%| F|  |TAMS 0x000000070a600000, 0x000000070a600000| Untracked 
|  73|0x000000070a800000, 0x000000070a800000, 0x000000070aa00000|  0%| F|  |TAMS 0x000000070a800000, 0x000000070a800000| Untracked 
|  74|0x000000070aa00000, 0x000000070aa00000, 0x000000070ac00000|  0%| F|  |TAMS 0x000000070aa00000, 0x000000070aa00000| Untracked 
|  75|0x000000070ac00000, 0x000000070ac00000, 0x000000070ae00000|  0%| F|  |TAMS 0x000000070ac00000, 0x000000070ac00000| Untracked 
|  76|0x000000070ae00000, 0x000000070ae00000, 0x000000070b000000|  0%| F|  |TAMS 0x000000070ae00000, 0x000000070ae00000| Untracked 
|  77|0x000000070b000000, 0x000000070b000000, 0x000000070b200000|  0%| F|  |TAMS 0x000000070b000000, 0x000000070b000000| Untracked 
|  78|0x000000070b200000, 0x000000070b200000, 0x000000070b400000|  0%| F|  |TAMS 0x000000070b200000, 0x000000070b200000| Untracked 
|  79|0x000000070b400000, 0x000000070b400000, 0x000000070b600000|  0%| F|  |TAMS 0x000000070b400000, 0x000000070b400000| Untracked 
|  80|0x000000070b600000, 0x000000070b600000, 0x000000070b800000|  0%| F|  |TAMS 0x000000070b600000, 0x000000070b600000| Untracked 
|  81|0x000000070b800000, 0x000000070b800000, 0x000000070ba00000|  0%| F|  |TAMS 0x000000070b800000, 0x000000070b800000| Untracked 
|  82|0x000000070ba00000, 0x000000070ba00000, 0x000000070bc00000|  0%| F|  |TAMS 0x000000070ba00000, 0x000000070ba00000| Untracked 
|  83|0x000000070bc00000, 0x000000070bc00000, 0x000000070be00000|  0%| F|  |TAMS 0x000000070bc00000, 0x000000070bc00000| Untracked 
|  84|0x000000070be00000, 0x000000070be00000, 0x000000070c000000|  0%| F|  |TAMS 0x000000070be00000, 0x000000070be00000| Untracked 
|  85|0x000000070c000000, 0x000000070c000000, 0x000000070c200000|  0%| F|  |TAMS 0x000000070c000000, 0x000000070c000000| Untracked 
|  86|0x000000070c200000, 0x000000070c200000, 0x000000070c400000|  0%| F|  |TAMS 0x000000070c200000, 0x000000070c200000| Untracked 
|  87|0x000000070c400000, 0x000000070c400000, 0x000000070c600000|  0%| F|  |TAMS 0x000000070c400000, 0x000000070c400000| Untracked 
|  88|0x000000070c600000, 0x000000070c600000, 0x000000070c800000|  0%| F|  |TAMS 0x000000070c600000, 0x000000070c600000| Untracked 
|  89|0x000000070c800000, 0x000000070c93b540, 0x000000070ca00000| 61%| E|  |TAMS 0x000000070c800000, 0x000000070c800000| Complete 
|  90|0x000000070ca00000, 0x000000070cc00000, 0x000000070cc00000|100%| E|CS|TAMS 0x000000070ca00000, 0x000000070ca00000| Complete 
|  91|0x000000070cc00000, 0x000000070ce00000, 0x000000070ce00000|100%| E|CS|TAMS 0x000000070cc00000, 0x000000070cc00000| Complete 
|  92|0x000000070ce00000, 0x000000070d000000, 0x000000070d000000|100%| E|CS|TAMS 0x000000070ce00000, 0x000000070ce00000| Complete 
|  93|0x000000070d000000, 0x000000070d200000, 0x000000070d200000|100%| E|CS|TAMS 0x000000070d000000, 0x000000070d000000| Complete 
|  94|0x000000070d200000, 0x000000070d400000, 0x000000070d400000|100%| E|CS|TAMS 0x000000070d200000, 0x000000070d200000| Complete 
|  95|0x000000070d400000, 0x000000070d600000, 0x000000070d600000|100%| E|CS|TAMS 0x000000070d400000, 0x000000070d400000| Complete 
|  96|0x000000070d600000, 0x000000070d800000, 0x000000070d800000|100%| E|CS|TAMS 0x000000070d600000, 0x000000070d600000| Complete 
|  97|0x000000070d800000, 0x000000070da00000, 0x000000070da00000|100%| E|CS|TAMS 0x000000070d800000, 0x000000070d800000| Complete 
|  98|0x000000070da00000, 0x000000070dc00000, 0x000000070dc00000|100%| E|CS|TAMS 0x000000070da00000, 0x000000070da00000| Complete 
|  99|0x000000070dc00000, 0x000000070de00000, 0x000000070de00000|100%| E|CS|TAMS 0x000000070dc00000, 0x000000070dc00000| Complete 
| 100|0x000000070de00000, 0x000000070e000000, 0x000000070e000000|100%| E|CS|TAMS 0x000000070de00000, 0x000000070de00000| Complete 
| 101|0x000000070e000000, 0x000000070e200000, 0x000000070e200000|100%| E|CS|TAMS 0x000000070e000000, 0x000000070e000000| Complete 
| 102|0x000000070e200000, 0x000000070e400000, 0x000000070e400000|100%| E|CS|TAMS 0x000000070e200000, 0x000000070e200000| Complete 
| 103|0x000000070e400000, 0x000000070e600000, 0x000000070e600000|100%| E|CS|TAMS 0x000000070e400000, 0x000000070e400000| Complete 
| 104|0x000000070e600000, 0x000000070e800000, 0x000000070e800000|100%| E|CS|TAMS 0x000000070e600000, 0x000000070e600000| Complete 
| 105|0x000000070e800000, 0x000000070ea00000, 0x000000070ea00000|100%| E|CS|TAMS 0x000000070e800000, 0x000000070e800000| Complete 
| 106|0x000000070ea00000, 0x000000070ec00000, 0x000000070ec00000|100%| E|CS|TAMS 0x000000070ea00000, 0x000000070ea00000| Complete 
| 107|0x000000070ec00000, 0x000000070ee00000, 0x000000070ee00000|100%| E|CS|TAMS 0x000000070ec00000, 0x000000070ec00000| Complete 
| 108|0x000000070ee00000, 0x000000070ee77b00, 0x000000070f000000| 23%| S|CS|TAMS 0x000000070ee00000, 0x000000070ee00000| Complete 
| 109|0x000000070f000000, 0x000000070f200000, 0x000000070f200000|100%| S|CS|TAMS 0x000000070f000000, 0x000000070f000000| Complete 
| 110|0x000000070f200000, 0x000000070f400000, 0x000000070f400000|100%| E|CS|TAMS 0x000000070f200000, 0x000000070f200000| Complete 
| 111|0x000000070f400000, 0x000000070f600000, 0x000000070f600000|100%| E|CS|TAMS 0x000000070f400000, 0x000000070f400000| Complete 
| 112|0x000000070f600000, 0x000000070f800000, 0x000000070f800000|100%| E|CS|TAMS 0x000000070f600000, 0x000000070f600000| Complete 
| 113|0x000000070f800000, 0x000000070fa00000, 0x000000070fa00000|100%| E|CS|TAMS 0x000000070f800000, 0x000000070f800000| Complete 
| 114|0x000000070fa00000, 0x000000070fc00000, 0x000000070fc00000|100%| E|CS|TAMS 0x000000070fa00000, 0x000000070fa00000| Complete 
| 115|0x000000070fc00000, 0x000000070fe00000, 0x000000070fe00000|100%| E|CS|TAMS 0x000000070fc00000, 0x000000070fc00000| Complete 
| 116|0x000000070fe00000, 0x0000000710000000, 0x0000000710000000|100%| E|CS|TAMS 0x000000070fe00000, 0x000000070fe00000| Complete 
| 117|0x0000000710000000, 0x0000000710200000, 0x0000000710200000|100%| E|CS|TAMS 0x0000000710000000, 0x0000000710000000| Complete 
| 118|0x0000000710200000, 0x0000000710400000, 0x0000000710400000|100%| E|CS|TAMS 0x0000000710200000, 0x0000000710200000| Complete 
| 119|0x0000000710400000, 0x0000000710600000, 0x0000000710600000|100%| E|CS|TAMS 0x0000000710400000, 0x0000000710400000| Complete 
| 120|0x0000000710600000, 0x0000000710800000, 0x0000000710800000|100%| E|CS|TAMS 0x0000000710600000, 0x0000000710600000| Complete 
| 121|0x0000000710800000, 0x0000000710a00000, 0x0000000710a00000|100%| E|CS|TAMS 0x0000000710800000, 0x0000000710800000| Complete 
| 122|0x0000000710a00000, 0x0000000710c00000, 0x0000000710c00000|100%| E|CS|TAMS 0x0000000710a00000, 0x0000000710a00000| Complete 
| 123|0x0000000710c00000, 0x0000000710e00000, 0x0000000710e00000|100%| E|CS|TAMS 0x0000000710c00000, 0x0000000710c00000| Complete 
| 124|0x0000000710e00000, 0x0000000711000000, 0x0000000711000000|100%| E|CS|TAMS 0x0000000710e00000, 0x0000000710e00000| Complete 
| 125|0x0000000711000000, 0x0000000711200000, 0x0000000711200000|100%| E|CS|TAMS 0x0000000711000000, 0x0000000711000000| Complete 
| 126|0x0000000711200000, 0x0000000711400000, 0x0000000711400000|100%| E|CS|TAMS 0x0000000711200000, 0x0000000711200000| Complete 
| 127|0x0000000711400000, 0x0000000711600000, 0x0000000711600000|100%| E|CS|TAMS 0x0000000711400000, 0x0000000711400000| Complete 

Card table byte_map: [0x000001cc53420000,0x000001cc53c20000] _byte_map_base: 0x000001cc4fc15000

Marking Bits (Prev, Next): (CMBitMap*) 0x000001cc3bad6b50, (CMBitMap*) 0x000001cc3bad6b90
 Prev Bits: [0x000001cc54420000, 0x000001cc583c8000)
 Next Bits: [0x000001cc583d0000, 0x000001cc5c378000)

Polling page: 0x000001cc399e0000

Metaspace:

Usage:
  Non-class:     11.71 MB used.
      Class:      1.42 MB used.
       Both:     13.13 MB used.

Virtual space:
  Non-class space:       64.00 MB reserved,      11.88 MB ( 19%) committed,  1 nodes.
      Class space:        1.00 GB reserved,       1.56 MB ( <1%) committed,  1 nodes.
             Both:        1.06 GB reserved,      13.44 MB (  1%) committed. 

Chunk freelists:
   Non-Class:  3.16 MB
       Class:  2.47 MB
        Both:  5.63 MB

MaxMetaspaceSize: unlimited
CompressedClassSpaceSize: 1.00 GB
Initial GC threshold: 21.00 MB
Current GC threshold: 21.00 MB
CDS: on
MetaspaceReclaimPolicy: balanced
 - commit_granule_bytes: 65536.
 - commit_granule_words: 8192.
 - virtual_space_node_default_size: 8388608.
 - enlarge_chunks_in_place: 1.
 - new_chunks_are_fully_committed: 0.
 - uncommit_free_chunks: 1.
 - use_allocation_guard: 0.


Internal statistics:

num_allocs_failed_limit: 0.
num_arena_births: 242.
num_arena_deaths: 0.
num_vsnodes_births: 2.
num_vsnodes_deaths: 0.
num_space_committed: 215.
num_space_uncommitted: 0.
num_chunks_returned_to_freelist: 0.
num_chunks_taken_from_freelist: 700.
num_chunk_merges: 0.
num_chunk_splits: 494.
num_chunks_enlarged: 374.
num_inconsistent_stats: 0.

CodeHeap 'non-profiled nmethods': size=119168Kb used=1743Kb max_used=1743Kb free=117424Kb
 bounds [0x000001cc4af40000, 0x000001cc4b1b0000, 0x000001cc523a0000]
CodeHeap 'profiled nmethods': size=119104Kb used=8130Kb max_used=8130Kb free=110973Kb
 bounds [0x000001cc43af0000, 0x000001cc442f0000, 0x000001cc4af40000]
CodeHeap 'non-nmethods': size=7488Kb used=2877Kb max_used=2909Kb free=4610Kb
 bounds [0x000001cc433a0000, 0x000001cc43680000, 0x000001cc43af0000]
 total_blobs=4348 nmethods=3883 adapters=373
 compilation: enabled
              stopped_count=0, restarted_count=0
 full_count=0

Compilation events (20 events):
Event: 1.407 Thread 0x000001cc5f2e2a50 3823       4       org.codehaus.plexus.interpolation.PrefixedValueSourceWrapper::getValue (39 bytes)
Event: 1.407 Thread 0x000001cc63ab23d0 nmethod 3822 0x000001cc442b5b10 code [0x000001cc442b5cc0, 0x000001cc442b5f58]
Event: 1.408 Thread 0x000001cc64009890 nmethod 3777 0x000001cc4b0e6790 code [0x000001cc4b0e69e0, 0x000001cc4b0e7c90]
Event: 1.409 Thread 0x000001cc635ebde0 3824       3       java.util.regex.Pattern$BnM::match (161 bytes)
Event: 1.410 Thread 0x000001cc635ebde0 nmethod 3824 0x000001cc442b6090 code [0x000001cc442b62a0, 0x000001cc442b6a38]
Event: 1.410 Thread 0x000001cc5f30c1b0 3825       3       java.io.File::getParent (65 bytes)
Event: 1.411 Thread 0x000001cc5f30c1b0 nmethod 3825 0x000001cc442b6d90 code [0x000001cc442b6fc0, 0x000001cc442b76d8]
Event: 1.411 Thread 0x000001cc6403bed0 3826       4       com.google.inject.internal.InjectorImpl::enterContext (65 bytes)
Event: 1.412 Thread 0x000001cc635f5310 3827       3       java.util.regex.Pattern$BitClass::add (97 bytes)
Event: 1.412 Thread 0x000001cc63ab23d0 3828       1       org.apache.maven.model.ActivationFile::getExists (5 bytes)
Event: 1.412 Thread 0x000001cc63ab23d0 nmethod 3828 0x000001cc4b0e8690 code [0x000001cc4b0e8820, 0x000001cc4b0e88f8]
Event: 1.412 Thread 0x000001cc635f5310 nmethod 3827 0x000001cc442b7990 code [0x000001cc442b7be0, 0x000001cc442b8538]
Event: 1.412 Thread 0x000001cc63d50210 nmethod 3814 0x000001cc4b0e8990 code [0x000001cc4b0e8b60, 0x000001cc4b0e9778]
Event: 1.412 Thread 0x000001cc5f30c1b0 3829       1       org.apache.maven.model.profile.activation.JdkVersionProfileActivator$RangeValue::access$000 (5 bytes)
Event: 1.412 Thread 0x000001cc5f30c1b0 nmethod 3829 0x000001cc4b0e9d90 code [0x000001cc4b0e9f20, 0x000001cc4b0e9fd8]
Event: 1.412 Thread 0x000001cc63ab23d0 3830       3       java.util.regex.Pattern::newCharProperty (39 bytes)
Event: 1.413 Thread 0x000001cc63ab23d0 nmethod 3830 0x000001cc442b8910 code [0x000001cc442b8b20, 0x000001cc442b9438]
Event: 1.413 Thread 0x000001cc5f30c1b0 3831       1       org.apache.maven.model.DistributionManagement::setSnapshotRepository (6 bytes)
Event: 1.413 Thread 0x000001cc5f30c1b0 nmethod 3831 0x000001cc4b0ea090 code [0x000001cc4b0ea220, 0x000001cc4b0ea338]
Event: 1.413 Thread 0x000001cc63d50210 3832       4       java.util.regex.Pattern$Slice::match (79 bytes)

GC Heap History (4 events):
Event: 0.386 GC heap before
{Heap before GC invocations=0 (full 0):
 garbage-first heap   total 262144K, used 22528K [0x0000000701600000, 0x0000000800000000)
  region size 2048K, 11 young (22528K), 0 survivors (0K)
 Metaspace       used 4765K, committed 4928K, reserved 1114112K
  class space    used 543K, committed 640K, reserved 1048576K
}
Event: 0.389 GC heap after
{Heap after GC invocations=1 (full 0):
 garbage-first heap   total 262144K, used 3727K [0x0000000701600000, 0x0000000800000000)
  region size 2048K, 2 young (4096K), 2 survivors (4096K)
 Metaspace       used 4765K, committed 4928K, reserved 1114112K
  class space    used 543K, committed 640K, reserved 1048576K
}
Event: 0.869 GC heap before
{Heap before GC invocations=1 (full 0):
 garbage-first heap   total 262144K, used 36495K [0x0000000701600000, 0x0000000800000000)
  region size 2048K, 18 young (36864K), 2 survivors (4096K)
 Metaspace       used 10072K, committed 10240K, reserved 1114112K
  class space    used 1191K, committed 1280K, reserved 1048576K
}
Event: 0.873 GC heap after
{Heap after GC invocations=2 (full 0):
 garbage-first heap   total 262144K, used 5876K [0x0000000701600000, 0x0000000800000000)
  region size 2048K, 2 young (4096K), 2 survivors (4096K)
 Metaspace       used 10072K, committed 10240K, reserved 1114112K
  class space    used 1191K, committed 1280K, reserved 1048576K
}

Deoptimization events (20 events):
Event: 1.380 Thread 0x000001cc3ba66590 Uncommon trap: trap_request=0xffffffbe fr.pc=0x000001cc4b0dee58 relative=0x0000000000001078
Event: 1.380 Thread 0x000001cc3ba66590 Uncommon trap: reason=profile_predicate action=maybe_recompile pc=0x000001cc4b0dee58 method=java.util.concurrent.ConcurrentHashMap.putAll(Ljava/util/Map;)V @ 28 c2
Event: 1.380 Thread 0x000001cc3ba66590 DEOPT PACKING pc=0x000001cc4b0dee58 sp=0x0000003b5a4fca50
Event: 1.380 Thread 0x000001cc3ba66590 DEOPT UNPACKING pc=0x000001cc433f23a3 sp=0x0000003b5a4fca20 mode 2
Event: 1.409 Thread 0x000001cc3ba66590 Uncommon trap: trap_request=0xffffffbe fr.pc=0x000001cc4b0e63d4 relative=0x0000000000000334
Event: 1.409 Thread 0x000001cc3ba66590 Uncommon trap: reason=profile_predicate action=maybe_recompile pc=0x000001cc4b0e63d4 method=java.util.regex.Pattern$Slice.match(Ljava/util/regex/Matcher;ILjava/lang/CharSequence;)Z @ 18 c2
Event: 1.409 Thread 0x000001cc3ba66590 DEOPT PACKING pc=0x000001cc4b0e63d4 sp=0x0000003b5a4fc2f0
Event: 1.410 Thread 0x000001cc3ba66590 DEOPT UNPACKING pc=0x000001cc433f23a3 sp=0x0000003b5a4fc290 mode 2
Event: 1.410 Thread 0x000001cc3ba66590 Uncommon trap: trap_request=0xffffffbe fr.pc=0x000001cc4b0e63d4 relative=0x0000000000000334
Event: 1.410 Thread 0x000001cc3ba66590 Uncommon trap: reason=profile_predicate action=maybe_recompile pc=0x000001cc4b0e63d4 method=java.util.regex.Pattern$Slice.match(Ljava/util/regex/Matcher;ILjava/lang/CharSequence;)Z @ 18 c2
Event: 1.410 Thread 0x000001cc3ba66590 DEOPT PACKING pc=0x000001cc4b0e63d4 sp=0x0000003b5a4fc2f0
Event: 1.410 Thread 0x000001cc3ba66590 DEOPT UNPACKING pc=0x000001cc433f23a3 sp=0x0000003b5a4fc290 mode 2
Event: 1.410 Thread 0x000001cc3ba66590 Uncommon trap: trap_request=0xffffffbe fr.pc=0x000001cc4b0e63d4 relative=0x0000000000000334
Event: 1.410 Thread 0x000001cc3ba66590 Uncommon trap: reason=profile_predicate action=maybe_recompile pc=0x000001cc4b0e63d4 method=java.util.regex.Pattern$Slice.match(Ljava/util/regex/Matcher;ILjava/lang/CharSequence;)Z @ 18 c2
Event: 1.410 Thread 0x000001cc3ba66590 DEOPT PACKING pc=0x000001cc4b0e63d4 sp=0x0000003b5a4fc2f0
Event: 1.410 Thread 0x000001cc3ba66590 DEOPT UNPACKING pc=0x000001cc433f23a3 sp=0x0000003b5a4fc290 mode 2
Event: 1.410 Thread 0x000001cc3ba66590 Uncommon trap: trap_request=0xffffffbe fr.pc=0x000001cc4b0e63d4 relative=0x0000000000000334
Event: 1.410 Thread 0x000001cc3ba66590 Uncommon trap: reason=profile_predicate action=maybe_recompile pc=0x000001cc4b0e63d4 method=java.util.regex.Pattern$Slice.match(Ljava/util/regex/Matcher;ILjava/lang/CharSequence;)Z @ 18 c2
Event: 1.410 Thread 0x000001cc3ba66590 DEOPT PACKING pc=0x000001cc4b0e63d4 sp=0x0000003b5a4fc2f0
Event: 1.410 Thread 0x000001cc3ba66590 DEOPT UNPACKING pc=0x000001cc433f23a3 sp=0x0000003b5a4fc290 mode 2

Classes loaded (20 events):
Event: 1.043 Loading class java/lang/Byte$ByteCache
Event: 1.043 Loading class java/lang/Byte$ByteCache done
Event: 1.047 Loading class sun/invoke/util/ValueConversions$1
Event: 1.047 Loading class sun/invoke/util/ValueConversions$1 done
Event: 1.047 Loading class java/lang/invoke/BoundMethodHandle$Species_LI
Event: 1.047 Loading class java/lang/invoke/BoundMethodHandle$Species_LI done
Event: 1.153 Loading class java/util/LinkedList$ListItr
Event: 1.153 Loading class java/util/LinkedList$ListItr done
Event: 1.171 Loading class java/util/concurrent/locks/ReentrantReadWriteLock$NonfairSync
Event: 1.171 Loading class java/util/concurrent/locks/ReentrantReadWriteLock$Sync
Event: 1.171 Loading class java/util/concurrent/locks/ReentrantReadWriteLock$Sync done
Event: 1.171 Loading class java/util/concurrent/locks/ReentrantReadWriteLock$NonfairSync done
Event: 1.172 Loading class java/util/concurrent/locks/ReentrantReadWriteLock$Sync$ThreadLocalHoldCounter
Event: 1.172 Loading class java/util/concurrent/locks/ReentrantReadWriteLock$Sync$ThreadLocalHoldCounter done
Event: 1.172 Loading class java/util/concurrent/locks/ReentrantReadWriteLock$ReadLock
Event: 1.172 Loading class java/util/concurrent/locks/ReentrantReadWriteLock$ReadLock done
Event: 1.172 Loading class java/util/concurrent/locks/ReentrantReadWriteLock$WriteLock
Event: 1.172 Loading class java/util/concurrent/locks/ReentrantReadWriteLock$WriteLock done
Event: 1.355 Loading class sun/nio/cs/ISO_8859_1$Decoder
Event: 1.355 Loading class sun/nio/cs/ISO_8859_1$Decoder done

Classes unloaded (0 events):
No events

Classes redefined (0 events):
No events

Internal exceptions (20 events):
Event: 0.824 Thread 0x000001cc3ba66590 Exception <a 'java/lang/NoClassDefFoundError'{0x000000070f5bad48}: com/google/inject/servlet/ServletModuleTargetVisitor> (0x000000070f5bad48) 
thrown [s\open\src\hotspot\share\classfile\systemDictionary.cpp, line 244]
Event: 0.848 Thread 0x000001cc3ba66590 Exception <a 'java/lang/NoSuchMethodError'{0x000000070f2a1948}: 'java.lang.Object java.lang.invoke.DirectMethodHandle$Holder.invokeStatic(java.lang.Object, java.lang.Object, int)'> (0x000000070f2a1948) 
thrown [s\open\src\hotspot\share\interpreter\linkResolver.cpp, line 759]
Event: 0.849 Thread 0x000001cc3ba66590 Exception <a 'java/lang/NoSuchMethodError'{0x000000070f2a6bd0}: 'void java.lang.invoke.DirectMethodHandle$Holder.invokeStatic(java.lang.Object, java.lang.Object, int, java.lang.Object)'> (0x000000070f2a6bd0) 
thrown [s\open\src\hotspot\share\interpreter\linkResolver.cpp, line 759]
Event: 0.849 Thread 0x000001cc3ba66590 Exception <a 'java/lang/NoSuchMethodError'{0x000000070f2aeb70}: 'void java.lang.invoke.DelegatingMethodHandle$Holder.delegate(java.lang.Object, java.lang.Object, int, java.lang.Object)'> (0x000000070f2aeb70) 
thrown [s\open\src\hotspot\share\interpreter\linkResolver.cpp, line 759]
Event: 0.850 Thread 0x000001cc3ba66590 Exception <a 'java/lang/NoSuchMethodError'{0x000000070f2b3990}: 'int java.lang.invoke.DirectMethodHandle$Holder.invokeSpecial(java.lang.Object, java.lang.Object, java.lang.Object)'> (0x000000070f2b3990) 
thrown [s\open\src\hotspot\share\interpreter\linkResolver.cpp, line 759]
Event: 0.868 Thread 0x000001cc3ba66590 Exception <a 'java/lang/NoSuchMethodError'{0x000000070f3f6440}: 'java.lang.Object java.lang.invoke.DirectMethodHandle$Holder.newInvokeSpecial(java.lang.Object, java.lang.Object, java.lang.Object, java.lang.Object, java.lang.Object, java.lang.Object, java.lang.Object)'> (0x000000070f3f6440) 
thrown [s\open\src\hotspot\share\interpreter\linkResolver.cpp, line 759]
Event: 0.879 Thread 0x000001cc3ba66590 Exception <a 'java/lang/NoSuchMethodError'{0x0000000711439b30}: 'java.lang.Object java.lang.invoke.DirectMethodHandle$Holder.newInvokeSpecial(java.lang.Object, java.lang.Object, java.lang.Object, java.lang.Object, java.lang.Object, java.lang.Object, java.lang.Object, java.lang.Object, java.lang.Object)'> (0x0000000711439b30) 
thrown [s\open\src\hotspot\share\interpreter\linkResolver.cpp, line 759]
Event: 0.879 Thread 0x000001cc3ba66590 Exception <a 'java/lang/NoSuchMethodError'{0x000000071143fe40}: 'java.lang.Object java.lang.invoke.DirectMethodHandle$Holder.invokeSpecial(java.lang.Object, java.lang.Object, java.lang.Object, java.lang.Object, java.lang.Object, java.lang.Object, java.lang.Object, java.lang.Object, java.lang.Object, java.lang.Object)'> (0x000000071143fe40) 
thrown [s\open\src\hotspot\share\interpreter\linkResolver.cpp, line 759]
Event: 0.891 Thread 0x000001cc3ba66590 Exception <a 'java/lang/NoSuchMethodError'{0x000000071155b9c0}: 'java.lang.Object java.lang.invoke.DirectMethodHandle$Holder.newInvokeSpecial(java.lang.Object, java.lang.Object, java.lang.Object, java.lang.Object, java.lang.Object, java.lang.Object, java.lang.Object, java.lang.Object, java.lang.Object, java.lang.Object, java.lang.Object, java.lang.Object)'> (0x000000071155b9c0) 
thrown [s\open\src\hotspot\share\interpreter\linkResolver.cpp, line 759]
Event: 0.892 Thread 0x000001cc3ba66590 Exception <a 'java/lang/NoSuchMethodError'{0x0000000711561af0}: 'java.lang.Object java.lang.invoke.DirectMethodHandle$Holder.invokeSpecial(java.lang.Object, java.lang.Object, java.lang.Object, java.lang.Object, java.lang.Object, java.lang.Object, java.lang.Object, java.lang.Object, java.lang.Object, java.lang.Object, java.lang.Object, java.lang.Object, java.lang.Object)'> (0x0000000711561af0) 
thrown [s\open\src\hotspot\share\interpreter\linkResolver.cpp, line 759]
Event: 0.911 Thread 0x000001cc3ba66590 Exception <a 'java/lang/NoSuchMethodError'{0x000000071124da48}: 'java.lang.Object java.lang.invoke.DirectMethodHandle$Holder.invokeStaticInit(java.lang.Object, int, int, int, int)'> (0x000000071124da48) 
thrown [s\open\src\hotspot\share\interpreter\linkResolver.cpp, line 759]
Event: 0.992 Thread 0x000001cc3ba66590 Implicit null exception at 0x000001cc4af8fb52 to 0x000001cc4af9005c
Event: 0.992 Thread 0x000001cc3ba66590 Implicit null exception at 0x000001cc4af71d52 to 0x000001cc4af72254
Event: 1.047 Thread 0x000001cc3ba66590 Exception <a 'java/lang/NoSuchMethodError'{0x0000000710a3b8f0}: 'void java.lang.invoke.DirectMethodHandle$Holder.invokeVirtual(java.lang.Object, java.lang.Object, int)'> (0x0000000710a3b8f0) 
thrown [s\open\src\hotspot\share\interpreter\linkResolver.cpp, line 759]
Event: 1.047 Thread 0x000001cc3ba66590 Exception <a 'java/lang/NoSuchMethodError'{0x0000000710a3fd90}: 'int java.lang.invoke.DirectMethodHandle$Holder.invokeSpecial(java.lang.Object, java.lang.Object, java.lang.Object, int)'> (0x0000000710a3fd90) 
thrown [s\open\src\hotspot\share\interpreter\linkResolver.cpp, line 759]
Event: 1.048 Thread 0x000001cc3ba66590 Exception <a 'java/lang/NoSuchMethodError'{0x0000000710a52730}: 'java.lang.Object java.lang.invoke.DirectMethodHandle$Holder.invokeStatic(java.lang.Object, java.lang.Object, java.lang.Object, java.lang.Object, int)'> (0x0000000710a52730) 
thrown [s\open\src\hotspot\share\interpreter\linkResolver.cpp, line 759]
Event: 1.049 Thread 0x000001cc3ba66590 Exception <a 'java/lang/NoSuchMethodError'{0x0000000710a5e070}: 'void java.lang.invoke.DelegatingMethodHandle$Holder.reinvoke_L(java.lang.Object, java.lang.Object, int)'> (0x0000000710a5e070) 
thrown [s\open\src\hotspot\share\interpreter\linkResolver.cpp, line 759]
Event: 1.197 Thread 0x000001cc3ba66590 Implicit null exception at 0x000001cc4b05431b to 0x000001cc4b054a70
Event: 1.197 Thread 0x000001cc3ba66590 Implicit null exception at 0x000001cc4afeb26d to 0x000001cc4afeb448
Event: 1.197 Thread 0x000001cc3ba66590 Implicit null exception at 0x000001cc4afb898f to 0x000001cc4afb8a09

VM Operations (20 events):
Event: 0.923 Executing VM operation: HandshakeAllThreads
Event: 0.923 Executing VM operation: HandshakeAllThreads done
Event: 0.946 Executing VM operation: HandshakeAllThreads
Event: 0.946 Executing VM operation: HandshakeAllThreads done
Event: 0.978 Executing VM operation: HandshakeAllThreads
Event: 0.978 Executing VM operation: HandshakeAllThreads done
Event: 0.978 Executing VM operation: HandshakeAllThreads
Event: 0.978 Executing VM operation: HandshakeAllThreads done
Event: 1.059 Executing VM operation: ICBufferFull
Event: 1.059 Executing VM operation: ICBufferFull done
Event: 1.171 Executing VM operation: HandshakeAllThreads
Event: 1.171 Executing VM operation: HandshakeAllThreads done
Event: 1.172 Executing VM operation: HandshakeAllThreads
Event: 1.172 Executing VM operation: HandshakeAllThreads done
Event: 1.210 Executing VM operation: ICBufferFull
Event: 1.210 Executing VM operation: ICBufferFull done
Event: 1.263 Executing VM operation: HandshakeAllThreads
Event: 1.263 Executing VM operation: HandshakeAllThreads done
Event: 1.311 Executing VM operation: ICBufferFull
Event: 1.311 Executing VM operation: ICBufferFull done

Events (20 events):
Event: 0.022 Thread 0x000001cc5f30c1b0 Thread added: 0x000001cc5f30c1b0
Event: 0.022 Thread 0x000001cc5f3167a0 Thread added: 0x000001cc5f3167a0
Event: 0.031 Thread 0x000001cc635ebde0 Thread added: 0x000001cc635ebde0
Event: 0.031 Thread 0x000001cc635f5310 Thread added: 0x000001cc635f5310
Event: 0.033 Thread 0x000001cc63615aa0 Thread added: 0x000001cc63615aa0
Event: 0.035 Thread 0x000001cc636161d0 Thread added: 0x000001cc636161d0
Event: 0.038 Loaded shared library C:\Program Files\Java\jdk-18.0.2.1\bin\net.dll
Event: 0.039 Loaded shared library C:\Program Files\Java\jdk-18.0.2.1\bin\nio.dll
Event: 0.041 Loaded shared library C:\Program Files\Java\jdk-18.0.2.1\bin\zip.dll
Event: 0.110 Loaded shared library C:\Program Files\Java\jdk-18.0.2.1\bin\jimage.dll
Event: 0.122 Loaded shared library C:\Program Files\NetBeans-15\netbeans\java\maven\lib\jansi-native\Windows\x86_64\jansi.dll
Event: 0.128 Loaded shared library C:\Program Files\Java\jdk-18.0.2.1\bin\verify.dll
Event: 0.200 Thread 0x000001cc63ab23d0 Thread added: 0x000001cc63ab23d0
Event: 0.276 Thread 0x000001cc63abe720 Thread added: 0x000001cc63abe720
Event: 0.360 Thread 0x000001cc6403bed0 Thread added: 0x000001cc6403bed0
Event: 0.360 Thread 0x000001cc64009890 Thread added: 0x000001cc64009890
Event: 0.360 Thread 0x000001cc63d4fd10 Thread added: 0x000001cc63d4fd10
Event: 0.360 Thread 0x000001cc63d50210 Thread added: 0x000001cc63d50210
Event: 0.360 Thread 0x000001cc64006030 Thread added: 0x000001cc64006030
Event: 0.360 Thread 0x000001cc64006940 Thread added: 0x000001cc64006940


Dynamic libraries:
0x00007ff6a1540000 - 0x00007ff6a1550000 	C:\Program Files\Java\jdk-18.0.2.1\bin\java.exe
0x00007fff5cb70000 - 0x00007fff5cd68000 	C:\Windows\SYSTEM32\ntdll.dll
0x00007fff5ac70000 - 0x00007fff5ad2f000 	C:\Windows\System32\KERNEL32.DLL
0x00007fff5a660000 - 0x00007fff5a956000 	C:\Windows\System32\KERNELBASE.dll
0x00007fff5a560000 - 0x00007fff5a660000 	C:\Windows\System32\ucrtbase.dll
0x00007fff3e470000 - 0x00007fff3e48a000 	C:\Program Files\Java\jdk-18.0.2.1\bin\VCRUNTIME140.dll
0x00007fff4dfc0000 - 0x00007fff4dfd8000 	C:\Program Files\Java\jdk-18.0.2.1\bin\jli.dll
0x00007fff5b7d0000 - 0x00007fff5b87f000 	C:\Windows\System32\ADVAPI32.dll
0x00007fff5c510000 - 0x00007fff5c5ae000 	C:\Windows\System32\msvcrt.dll
0x00007fff5abd0000 - 0x00007fff5ac6c000 	C:\Windows\System32\sechost.dll
0x00007fff5bff0000 - 0x00007fff5c116000 	C:\Windows\System32\RPCRT4.dll
0x00007fff5c160000 - 0x00007fff5c2fd000 	C:\Windows\System32\USER32.dll
0x00007fff434b0000 - 0x00007fff4374a000 	C:\Windows\WinSxS\amd64_microsoft.windows.common-controls_6595b64144ccf1df_6.0.19041.1110_none_60b5254171f9507e\COMCTL32.dll
0x00007fff5aa10000 - 0x00007fff5aa32000 	C:\Windows\System32\win32u.dll
0x00007fff5adc0000 - 0x00007fff5adec000 	C:\Windows\System32\GDI32.dll
0x00007fff5a440000 - 0x00007fff5a555000 	C:\Windows\System32\gdi32full.dll
0x00007fff5a3a0000 - 0x00007fff5a43d000 	C:\Windows\System32\msvcp_win.dll
0x00007fff52cf0000 - 0x00007fff52cfa000 	C:\Windows\SYSTEM32\VERSION.dll
0x00007fff5c120000 - 0x00007fff5c150000 	C:\Windows\System32\IMM32.DLL
0x00007fff4be80000 - 0x00007fff4be8c000 	C:\Program Files\Java\jdk-18.0.2.1\bin\vcruntime140_1.dll
0x00007fff0da00000 - 0x00007fff0da8d000 	C:\Program Files\Java\jdk-18.0.2.1\bin\msvcp140.dll
0x00007ffec52c0000 - 0x00007ffec5ed1000 	C:\Program Files\Java\jdk-18.0.2.1\bin\server\jvm.dll
0x00007fff5c4a0000 - 0x00007fff5c4a8000 	C:\Windows\System32\PSAPI.DLL
0x00007fff4dfa0000 - 0x00007fff4dfa9000 	C:\Windows\SYSTEM32\WSOCK32.dll
0x00007fff4d440000 - 0x00007fff4d467000 	C:\Windows\SYSTEM32\WINMM.dll
0x00007fff5bc40000 - 0x00007fff5bcab000 	C:\Windows\System32\WS2_32.dll
0x00007fff58ab0000 - 0x00007fff58ac2000 	C:\Windows\SYSTEM32\kernel.appcore.dll
0x00007fff4be10000 - 0x00007fff4be1a000 	C:\Program Files\Java\jdk-18.0.2.1\bin\jimage.dll
0x00007fff57f80000 - 0x00007fff58164000 	C:\Windows\SYSTEM32\DBGHELP.DLL
0x00007fff41c00000 - 0x00007fff41c34000 	C:\Windows\SYSTEM32\dbgcore.DLL
0x00007fff5a310000 - 0x00007fff5a392000 	C:\Windows\System32\bcryptPrimitives.dll
0x00007fff276a0000 - 0x00007fff276c5000 	C:\Program Files\Java\jdk-18.0.2.1\bin\java.dll
0x00007fff0e090000 - 0x00007fff0e166000 	C:\Program Files\Java\jdk-18.0.2.1\bin\jsvml.dll
0x00007fff5b080000 - 0x00007fff5b7c4000 	C:\Windows\System32\SHELL32.dll
0x00007fff58170000 - 0x00007fff58904000 	C:\Windows\SYSTEM32\windows.storage.dll
0x00007fff5b8e0000 - 0x00007fff5bc34000 	C:\Windows\System32\combase.dll
0x00007fff59c20000 - 0x00007fff59c4e000 	C:\Windows\SYSTEM32\Wldp.dll
0x00007fff5c300000 - 0x00007fff5c3ad000 	C:\Windows\System32\SHCORE.dll
0x00007fff5b880000 - 0x00007fff5b8d5000 	C:\Windows\System32\shlwapi.dll
0x00007fff5a180000 - 0x00007fff5a1a5000 	C:\Windows\SYSTEM32\profapi.dll
0x00007fff3e420000 - 0x00007fff3e433000 	C:\Program Files\Java\jdk-18.0.2.1\bin\net.dll
0x00007fff52be0000 - 0x00007fff52cea000 	C:\Windows\SYSTEM32\WINHTTP.dll
0x00007fff59920000 - 0x00007fff5998a000 	C:\Windows\system32\mswsock.dll
0x00007fff30550000 - 0x00007fff30566000 	C:\Program Files\Java\jdk-18.0.2.1\bin\nio.dll
0x00007fff2da40000 - 0x00007fff2da58000 	C:\Program Files\Java\jdk-18.0.2.1\bin\zip.dll
0x0000000069ac0000 - 0x0000000069ae4000 	C:\Program Files\NetBeans-15\netbeans\java\maven\lib\jansi-native\Windows\x86_64\jansi.dll
0x00007fff44040000 - 0x00007fff44050000 	C:\Program Files\Java\jdk-18.0.2.1\bin\verify.dll

dbghelp: loaded successfully - version: 4.0.5 - missing functions: none
symbol engine: initialized successfully - sym options: 0x614 - pdb path: .;C:\Program Files\Java\jdk-18.0.2.1\bin;C:\Windows\SYSTEM32;C:\Windows\WinSxS\amd64_microsoft.windows.common-controls_6595b64144ccf1df_6.0.19041.1110_none_60b5254171f9507e;C:\Program Files\Java\jdk-18.0.2.1\bin\server;C:\Program Files\NetBeans-15\netbeans\java\maven\lib\jansi-native\Windows\x86_64

VM Arguments:
jvm_args: -Dclassworlds.conf=C:\Program Files\NetBeans-15\netbeans\java\maven\bin\m2.conf -Dmaven.home=C:\Program Files\NetBeans-15\netbeans\java\maven -Dlibrary.jansi.path=C:\Program Files\NetBeans-15\netbeans\java\maven\lib\jansi-native -Dmaven.multiModuleProjectDirectory=C:\Users\hersa\Desktop\Fidelitas\Cuarto Cuatri\Aplicaciones Web Y Patrones\ProyectoFinal\ProyectoFUNC\ProyectoFUNC 
java_command: org.codehaus.plexus.classworlds.launcher.Launcher -Drun.jvmArguments=-noverify -XX:TieredStopAtLevel=1 -Drun.mainClass=proyecto_func.Proyecto_funcApplication -Dexec.vmArgs= -Dexec.appArgs= -Dmaven.ext.class.path=C:\Program Files\NetBeans-15\netbeans\java\maven-nblib\netbeans-eventspy.jar spring-boot:run
java_class_path (initial): C:\Program Files\NetBeans-15\netbeans\java\maven\boot\plexus-classworlds-2.6.0.jar
Launcher Type: SUN_STANDARD

[Global flags]
     intx CICompilerCount                          = 12                                        {product} {ergonomic}
     uint ConcGCThreads                            = 3                                         {product} {ergonomic}
     uint G1ConcRefinementThreads                  = 13                                        {product} {ergonomic}
   size_t G1HeapRegionSize                         = 2097152                                   {product} {ergonomic}
    uintx GCDrainStackTargetSize                   = 64                                        {product} {ergonomic}
   size_t InitialHeapSize                          = 268435456                                 {product} {ergonomic}
   size_t MarkStackSize                            = 4194304                                   {product} {ergonomic}
   size_t MaxHeapSize                              = 4271898624                                {product} {ergonomic}
   size_t MaxNewSize                               = 2562719744                                {product} {ergonomic}
   size_t MinHeapDeltaBytes                        = 2097152                                   {product} {ergonomic}
   size_t MinHeapSize                              = 8388608                                   {product} {ergonomic}
    uintx NonNMethodCodeHeapSize                   = 7602480                                {pd product} {ergonomic}
    uintx NonProfiledCodeHeapSize                  = 122027880                              {pd product} {ergonomic}
    uintx ProfiledCodeHeapSize                     = 122027880                              {pd product} {ergonomic}
    uintx ReservedCodeCacheSize                    = 251658240                              {pd product} {ergonomic}
     bool SegmentedCodeCache                       = true                                      {product} {ergonomic}
   size_t SoftMaxHeapSize                          = 4271898624                             {manageable} {ergonomic}
     bool UseCompressedClassPointers               = true                           {product lp64_product} {ergonomic}
     bool UseCompressedOops                        = true                           {product lp64_product} {ergonomic}
     bool UseG1GC                                  = true                                      {product} {ergonomic}
     bool UseLargePagesIndividualAllocation        = false                                  {pd product} {ergonomic}

Logging:
Log output configuration:
 #0: stdout all=warning uptime,level,tags foldmultilines=false
 #1: stderr all=off uptime,level,tags foldmultilines=false

Environment Variables:
JAVA_HOME=C:\Program Files\Java\jdk-18.0.2.1
PATH=C:\Program Files\Common Files\Oracle\Java\javapath;C:\Program Files (x86)\Common Files\Oracle\Java\javapath;C:\Windows\system32;C:\Windows;C:\Windows\System32\Wbem;C:\Windows\System32\WindowsPowerShell\v1.0\;C:\Windows\System32\OpenSSH\;C:\Program Files\NVIDIA Corporation\NVIDIA NvDLISR;C:\Program Files (x86)\NVIDIA Corporation\PhysX\Common;C:\Program Files\Cloudflare\Cloudflare WARP\;C:\Program Files\Git\cmd;C:\Program Files\dotnet\;C:\Program Files\Microsoft SQL Server\Client SDK\ODBC\170\Tools\Binn\;C:\Program Files (x86)\Microsoft SQL Server\150\Tools\Binn\;C:\Program Files\Microsoft SQL Server\150\Tools\Binn\;C:\Program Files\Microsoft SQL Server\150\DTS\Binn\;C:\Program Files (x86)\Microsoft SQL Server\160\DTS\Binn\;C:\Program Files\Azure Data Studio\bin;C:\Program Files\Java\jdk-18.0.2.1\bin;C:\Program Files\MySQL\MySQL Shell 8.0\bin\;C:\Users\hersa\AppData\Local\Microsoft\WindowsApps;;C:\Program Files\JetBrains\IntelliJ IDEA 2022.3.2\bin;;C:\Program Files\JetBrains\IntelliJ IDEA Community Edition 2022.3.2\bin;;C:\Program Files\Azure Data Studio\bin
USERNAME=hersa
OS=Windows_NT
PROCESSOR_IDENTIFIER=AMD64 Family 25 Model 33 Stepping 2, AuthenticAMD



---------------  S Y S T E M  ---------------

OS:
 Windows 10 , 64 bit Build 19041 (10.0.19041.3155)
OS uptime: 3 days 1:45 hours

CPU: total 16 (initial active 16) (16 cores per cpu, 2 threads per core) family 25 model 33 stepping 2 microcode 0x0, cx8, cmov, fxsr, ht, mmx, 3dnowpref, sse, sse2, sse3, ssse3, sse4a, sse4.1, sse4.2, popcnt, lzcnt, tsc, tscinvbit, avx, avx2, aes, erms, clmul, bmi1, bmi2, adx, sha, fma, vzeroupper, clflush, clflushopt

Memory: 4k page, system-wide physical 16294M (4101M free)
TotalPageFile size 18342M (AvailPageFile size 6M)
current process WorkingSet (physical memory assigned to process): 174M, peak: 174M
current process commit charge ("private bytes"): 412M, peak: 413M

vm_info: Java HotSpot(TM) 64-Bit Server VM (18.0.2.1+1-1) for windows-amd64 JRE (18.0.2.1+1-1), built on Aug 16 2022 01:46:33 by "mach5one" with MS VC++ 16.8 / 16.9 (VS2019)

END.
